This is pdfTeX, Version 3.14159265-2.6-1.40.17 (TeX Live 2016) (preloaded format=pdflatex 2017.4.30)  21 SEP 2021 15:52
entering extended mode
 restricted \write18 enabled.
 %&-line parsing enabled.
**../Thesis/main.pdf
(../Thesis/main.pdf
LaTeX2e <2016/03/31>
Babel <3.9r> and hyphenation patterns for 83 language(s) loaded.

! LaTeX Error: Missing \begin{document}.

See the LaTeX manual or LaTeX Companion for explanation.
Type  H <return>  for immediate help.
 ...                                              
                                                  
l.3 5
      0 obj
? 
Missing character: There is no 5 in font nullfont!
Missing character: There is no 0 in font nullfont!
Missing character: There is no o in font nullfont!
Missing character: There is no b in font nullfont!
Missing character: There is no j in font nullfont!
Missing character: There is no < in font nullfont!
Missing character: There is no < in font nullfont!
Missing character: There is no / in font nullfont!
Missing character: There is no L in font nullfont!
Missing character: There is no e in font nullfont!
Missing character: There is no n in font nullfont!
Missing character: There is no g in font nullfont!
Missing character: There is no t in font nullfont!
Missing character: There is no h in font nullfont!
Missing character: There is no 4 in font nullfont!
Missing character: There is no 9 in font nullfont!
Missing character: There is no 9 in font nullfont!
Missing character: There is no / in font nullfont!
Missing character: There is no F in font nullfont!
Missing character: There is no i in font nullfont!
Missing character: There is no l in font nullfont!
Missing character: There is no t in font nullfont!
Missing character: There is no e in font nullfont!
Missing character: There is no r in font nullfont!
Missing character: There is no / in font nullfont!
Missing character: There is no F in font nullfont!
Missing character: There is no l in font nullfont!
Missing character: There is no a in font nullfont!
Missing character: There is no t in font nullfont!
Missing character: There is no e in font nullfont!
Missing character: There is no D in font nullfont!
Missing character: There is no e in font nullfont!
Missing character: There is no c in font nullfont!
Missing character: There is no o in font nullfont!
Missing character: There is no d in font nullfont!
Missing character: There is no e in font nullfont!
Missing character: There is no > in font nullfont!
Missing character: There is no > in font nullfont!
Missing character: There is no s in font nullfont!
Missing character: There is no t in font nullfont!
Missing character: There is no r in font nullfont!
Missing character: There is no e in font nullfont!
Missing character: There is no a in font nullfont!
Missing character: There is no m in font nullfont!
Missing character: There is no x in font nullfont!
Missing character: There is no Ú in font nullfont!
Missing character: There is no m in font nullfont!
Missing character: There is no R in font nullfont!
Missing character: There is no M in font nullfont!
Missing character: There is no  in font nullfont!
Missing character: There is no Ó in font nullfont!
Missing character: There is no 0 in font nullfont!
! Text line contains an invalid character.
l.9 xÚmRMÓ0^^P
               ½çWøèHÄëú‹^^[KAZvW^^H6^^\^^Pp^^HÛZÛ$]ÇmÅ¿ßqœ¢V H™ñóÌóÌ›¹­‹›...

? 
Missing character: There is no ½ in font nullfont!
Missing character: There is no ç in font nullfont!
Missing character: There is no W in font nullfont!
Missing character: There is no ø in font nullfont!
Missing character: There is no è in font nullfont!
Missing character: There is no H in font nullfont!
Missing character: There is no Ä in font nullfont!
Missing character: There is no ë in font nullfont!
Missing character: There is no  in font nullfont!
Missing character: There is no ú in font nullfont!
Missing character: There is no ‹ in font nullfont!
! Text line contains an invalid character.
l.9 xÚmRMÓ0^^P½çWøèHÄëú‹^^[
                             KAZvW^^H6^^\^^Pp^^HÛZÛ$]ÇmÅ¿ßqœ¢V H™ñóÌóÌ›¹­‹›...

? 
Missing character: There is no K in font nullfont!
Missing character: There is no A in font nullfont!
Missing character: There is no Z in font nullfont!
Missing character: There is no v in font nullfont!
Missing character: There is no W in font nullfont!
! Text line contains an invalid character.
l.9 xÚmRMÓ0^^P½çWøèHÄëú‹^^[KAZvW^^H
                                     6^^\^^Pp^^HÛZÛ$]ÇmÅ¿ßqœ¢V H™ñóÌóÌ›¹­‹›...

? 
Missing character: There is no 6 in font nullfont!
! Text line contains an invalid character.
l.9 xÚmRMÓ0^^P½çWøèHÄëú‹^^[KAZvW^^H6^^\
                                         ^^Pp^^HÛZÛ$]ÇmÅ¿ßqœ¢V H™ñóÌóÌ›¹­‹›...

? 
! Emergency stop.
l.9 xÚmRMÓ0^^P½çWøèHÄëú‹^^[KAZvW^^H6^^\
                                         ^^Pp^^HÛZÛ$]ÇmÅ¿ßqœ¢V H™ñóÌóÌ›¹­‹›...
End of file on the terminal!

 
Here is how much of TeX's memory you used:
 6 strings out of 493014
 143 string characters out of 6133351
 53601 words of memory out of 5000000
 3648 multiletter control sequences out of 15000+600000
 3640 words of font info for 14 fonts, out of 8000000 for 9000
 1141 hyphenation exceptions out of 8191
 5i,0n,4p,253b,14s stack positions out of 5000i,500n,10000p,200000b,80000s
!  ==> Fatal error occurred, no output PDF file produced!
